<?xml version="1.0" encoding="UTF-8"?>
<testng-results ignored="0" total="2" passed="2" failed="0" skipped="0">
  <reporter-output>
  </reporter-output>
  <suite started-at="2023-07-20T16:36:11 IST" name="Suite" finished-at="2023-07-20T16:36:38 IST" duration-ms="27093">
    <groups>
    </groups>
    <test started-at="2023-07-20T16:36:11 IST" name="Test" finished-at="2023-07-20T16:36:38 IST" duration-ms="27093">
      <class name="com.saucelabs.testcases.LoginTest">
        <test-method is-config="true" signature="initDriver()[pri:0, instance:com.saucelabs.testcases.LoginTest@292b08d6]" started-at="2023-07-20T16:36:28 IST" name="initDriver" finished-at="2023-07-20T16:36:30 IST" duration-ms="1957" status="PASS">
          <reporter-output>
          </reporter-output>
        </test-method> <!-- initDriver -->
        <test-method signature="testlogin()[pri:0, instance:com.saucelabs.testcases.LoginTest@292b08d6]" started-at="2023-07-20T16:36:30 IST" name="testlogin" finished-at="2023-07-20T16:36:32 IST" duration-ms="2089" status="PASS">
          <reporter-output>
          </reporter-output>
        </test-method> <!-- testlogin -->
        <test-method is-config="true" signature="tearDown()[pri:0, instance:com.saucelabs.testcases.LoginTest@292b08d6]" started-at="2023-07-20T16:36:33 IST" name="tearDown" finished-at="2023-07-20T16:36:38 IST" duration-ms="5806" status="PASS">
          <reporter-output>
          </reporter-output>
        </test-method> <!-- tearDown -->
      </class> <!-- com.saucelabs.testcases.LoginTest -->
      <class name="com.saucelabs.testcases.SignUpTest">
        <test-method is-config="true" signature="initDriver()[pri:0, instance:com.saucelabs.testcases.SignUpTest@1aafa419]" started-at="2023-07-20T16:36:11 IST" name="initDriver" finished-at="2023-07-20T16:36:15 IST" duration-ms="3724" status="PASS">
          <reporter-output>
          </reporter-output>
        </test-method> <!-- initDriver -->
        <test-method signature="register()[pri:0, instance:com.saucelabs.testcases.SignUpTest@1aafa419]" started-at="2023-07-20T16:36:15 IST" name="register" finished-at="2023-07-20T16:36:23 IST" duration-ms="7881" status="PASS">
          <reporter-output>
          </reporter-output>
        </test-method> <!-- register -->
        <test-method is-config="true" signature="tearDown()[pri:0, instance:com.saucelabs.testcases.SignUpTest@1aafa419]" started-at="2023-07-20T16:36:23 IST" name="tearDown" finished-at="2023-07-20T16:36:28 IST" duration-ms="5539" status="PASS">
          <reporter-output>
          </reporter-output>
        </test-method> <!-- tearDown -->
      </class> <!-- com.saucelabs.testcases.SignUpTest -->
    </test> <!-- Test -->
  </suite> <!-- Suite -->
</testng-results>
